[0.017s] Invoking command in '/home/ros/ros2_ws/src/build/ldlidar_stl_ros2': CMAKE_PREFIX_PATH=${CMAKE_PREFIX_PATH}:/opt/ros/jazzy /usr/bin/cmake /home/ros/ros2_ws/src/ldlidar_stl_ros2 -DAMENT_CMAKE_SYMLINK_INSTALL=1 -DCMAKE_INSTALL_PREFIX=/home/ros/ros2_ws/src/install/ldlidar_stl_ros2
[0.135s] -- The C compiler identification is GNU 13.3.0
[0.225s] -- The CXX compiler identification is GNU 13.3.0
[0.241s] -- Detecting C compiler ABI info
[0.320s] -- Detecting C compiler ABI info - done
[0.330s] -- Check for working C compiler: /usr/bin/cc - skipped
[0.330s] -- Detecting C compile features
[0.331s] -- Detecting C compile features - done
[0.340s] -- Detecting CXX compiler ABI info
[0.430s] -- Detecting CXX compiler ABI info - done
[0.440s] -- Check for working CXX compiler: /usr/bin/c++ - skipped
[0.440s] -- Detecting CXX compile features
[0.440s] -- Detecting CXX compile features - done
[0.456s] -- Found ament_cmake: 2.5.6 (/opt/ros/jazzy/share/ament_cmake/cmake)
[0.616s] -- Found Python3: /usr/bin/python3 (found version "3.12.3") found components: Interpreter 
[0.696s] -- Override CMake install command with custom implementation using symlinks instead of copying resources
[0.801s] -- Found rclcpp: 28.1.18 (/opt/ros/jazzy/share/rclcpp/cmake)
[0.894s] -- Found rosidl_generator_c: 4.6.7 (/opt/ros/jazzy/share/rosidl_generator_c/cmake)
[0.928s] -- Found rosidl_generator_cpp: 4.6.7 (/opt/ros/jazzy/share/rosidl_generator_cpp/cmake)
[0.976s] -- Using all available rosidl_typesupport_c: rosidl_typesupport_fastrtps_c;rosidl_typesupport_introspection_c
[1.012s] -- Using all available rosidl_typesupport_cpp: rosidl_typesupport_fastrtps_cpp;rosidl_typesupport_introspection_cpp
[1.152s] -- Found rmw_implementation_cmake: 7.3.3 (/opt/ros/jazzy/share/rmw_implementation_cmake/cmake)
[1.160s] -- Found rmw_fastrtps_cpp: 8.4.3 (/opt/ros/jazzy/share/rmw_fastrtps_cpp/cmake)
[1.268s] -- Found OpenSSL: /usr/lib/x86_64-linux-gnu/libcrypto.so (found version "3.0.13")  
[1.289s] -- Found FastRTPS: /opt/ros/jazzy/include (Required is at least version "2.13") 
[1.310s] -- Using RMW implementation 'rmw_fastrtps_cpp' as default
[1.432s] -- Found sensor_msgs: 5.3.7 (/opt/ros/jazzy/share/sensor_msgs/cmake)
[1.513s] -- Found ament_lint_auto: 0.17.5 (/opt/ros/jazzy/share/ament_lint_auto/cmake)
[1.656s] -- Added test 'copyright' to check source files copyright and LICENSE
[1.661s] -- Added test 'cppcheck' to perform static code analysis on C / C++ code
[1.661s] -- Configured cppcheck include dirs: /home/ros/ros2_ws/src/ldlidar_stl_ros2/include;/home/ros/ros2_ws/src/ldlidar_stl_ros2/ldlidar_driver/include/core;/home/ros/ros2_ws/src/ldlidar_stl_ros2/ldlidar_driver/include/dataprocess;/home/ros/ros2_ws/src/ldlidar_stl_ros2/ldlidar_driver/include/filter;/home/ros/ros2_ws/src/ldlidar_stl_ros2/ldlidar_driver/include/logger;/home/ros/ros2_ws/src/ldlidar_stl_ros2/ldlidar_driver/include/networkcom;/home/ros/ros2_ws/src/ldlidar_stl_ros2/ldlidar_driver/include/serialcom
[1.661s] -- Configured cppcheck exclude dirs and/or files: 
[1.666s] -- Added test 'cpplint' to check C / C++ code against the Google style
[1.666s] -- Configured cpplint exclude dirs and/or files: 
[1.668s] -- Added test 'flake8' to check Python code syntax and style conventions
[1.668s] -- Configured 'flake8' exclude dirs and/or files: 
[1.669s] -- Added test 'lint_cmake' to check CMake code style
[1.671s] -- Added test 'pep257' to check Python code against some of the docstring style conventions in PEP 257
[1.675s] -- Added test 'uncrustify' to check C / C++ code style
[1.675s] -- Configured uncrustify additional arguments: 
[1.677s] -- Added test 'xmllint' to check XML markup files
[1.679s] -- Configuring done (1.6s)
[1.691s] -- Generating done (0.0s)
[1.694s] -- Build files have been written to: /home/ros/ros2_ws/src/build/ldlidar_stl_ros2
[1.702s] Invoked command in '/home/ros/ros2_ws/src/build/ldlidar_stl_ros2' returned '0': CMAKE_PREFIX_PATH=${CMAKE_PREFIX_PATH}:/opt/ros/jazzy /usr/bin/cmake /home/ros/ros2_ws/src/ldlidar_stl_ros2 -DAMENT_CMAKE_SYMLINK_INSTALL=1 -DCMAKE_INSTALL_PREFIX=/home/ros/ros2_ws/src/install/ldlidar_stl_ros2
[1.702s] Invoking command in '/home/ros/ros2_ws/src/build/ldlidar_stl_ros2': CMAKE_PREFIX_PATH=${CMAKE_PREFIX_PATH}:/opt/ros/jazzy /usr/bin/cmake --build /home/ros/ros2_ws/src/build/ldlidar_stl_ros2 -- -j16 -l16
[1.753s] [ 50%] [32mBuilding CXX object CMakeFiles/ldlidar_stl_ros2_node.dir/ldlidar_driver/src/dataprocess/lipkg.cpp.o[0m
[1.753s] [ 50%] [32mBuilding CXX object CMakeFiles/ldlidar_stl_ros2_node.dir/ldlidar_driver/src/core/ldlidar_driver.cpp.o[0m
[1.753s] [ 50%] [32mBuilding CXX object CMakeFiles/ldlidar_stl_ros2_node.dir/src/demo.cpp.o[0m
[1.753s] [ 50%] [32mBuilding CXX object CMakeFiles/ldlidar_stl_ros2_node.dir/ldlidar_driver/src/filter/tofbf.cpp.o[0m
[1.753s] [ 62%] [32mBuilding CXX object CMakeFiles/ldlidar_stl_ros2_node.dir/ldlidar_driver/src/networkcom/network_socket_interface_linux.cpp.o[0m
[1.753s] [ 75%] [32mBuilding CXX object CMakeFiles/ldlidar_stl_ros2_node.dir/ldlidar_driver/src/serialcom/serial_interface_linux.cpp.o[0m
[1.756s] [ 87%] [32mBuilding CXX object CMakeFiles/ldlidar_stl_ros2_node.dir/ldlidar_driver/src/logger/log_module.cpp.o[0m
[1.980s] [01m[K/home/ros/ros2_ws/src/ldlidar_stl_ros2/ldlidar_driver/src/logger/log_module.cpp:[m[K In member function ‘[01m[Kvoid LogModule::[01;32m[KInitLock[m[K()[m[K’:
[1.980s] [01m[K/home/ros/ros2_ws/src/ldlidar_stl_ros2/ldlidar_driver/src/logger/log_module.cpp:172:3:[m[K [01;31m[Kerror: [m[K‘[01m[Kpthread_mutex_init[m[K’ was not declared in this scope; did you mean ‘[01m[Kpthread_mutex_t[m[K’?
[1.980s]   172 |   [01;31m[Kpthread_mutex_init[m[K(&mutex_lock_,NULL);
[1.980s]       |   [01;31m[K^~~~~~~~~~~~~~~~~~[m[K
[1.980s]       |   [32m[Kpthread_mutex_t[m[K
[1.982s] [01m[K/home/ros/ros2_ws/src/ldlidar_stl_ros2/ldlidar_driver/src/logger/log_module.cpp:[m[K In member function ‘[01m[Kvoid LogModule::[01;32m[KRealseLock[m[K()[m[K’:
[1.982s] [01m[K/home/ros/ros2_ws/src/ldlidar_stl_ros2/ldlidar_driver/src/logger/log_module.cpp:180:9:[m[K [01;31m[Kerror: [m[K‘[01m[Kpthread_mutex_unlock[m[K’ was not declared in this scope; did you mean ‘[01m[Kpthread_mutex_t[m[K’?
[1.982s]   180 |         [01;31m[Kpthread_mutex_unlock[m[K(&mutex_lock_);
[1.982s]       |         [01;31m[K^~~~~~~~~~~~~~~~~~~~[m[K
[1.983s]       |         [32m[Kpthread_mutex_t[m[K
[1.984s] [01m[K/home/ros/ros2_ws/src/ldlidar_stl_ros2/ldlidar_driver/src/logger/log_module.cpp:[m[K In member function ‘[01m[Kvoid LogModule::[01;32m[KLock[m[K()[m[K’:
[1.984s] [01m[K/home/ros/ros2_ws/src/ldlidar_stl_ros2/ldlidar_driver/src/logger/log_module.cpp:188:9:[m[K [01;31m[Kerror: [m[K‘[01m[Kpthread_mutex_lock[m[K’ was not declared in this scope; did you mean ‘[01m[Kpthread_mutex_t[m[K’?
[1.984s]   188 |         [01;31m[Kpthread_mutex_lock[m[K(&mutex_lock_);
[1.984s]       |         [01;31m[K^~~~~~~~~~~~~~~~~~[m[K
[1.985s]       |         [32m[Kpthread_mutex_t[m[K
[1.986s] [01m[K/home/ros/ros2_ws/src/ldlidar_stl_ros2/ldlidar_driver/src/logger/log_module.cpp:[m[K In member function ‘[01m[Kvoid LogModule::[01;32m[KUnLock[m[K()[m[K’:
[1.986s] [01m[K/home/ros/ros2_ws/src/ldlidar_stl_ros2/ldlidar_driver/src/logger/log_module.cpp:196:9:[m[K [01;31m[Kerror: [m[K‘[01m[Kpthread_mutex_unlock[m[K’ was not declared in this scope; did you mean ‘[01m[Kpthread_mutex_t[m[K’?
[1.986s]   196 |         [01;31m[Kpthread_mutex_unlock[m[K(&mutex_lock_);
[1.987s]       |         [01;31m[K^~~~~~~~~~~~~~~~~~~~[m[K
[1.987s]       |         [32m[Kpthread_mutex_t[m[K
[2.024s] gmake[2]: *** [CMakeFiles/ldlidar_stl_ros2_node.dir/build.make:132: CMakeFiles/ldlidar_stl_ros2_node.dir/ldlidar_driver/src/logger/log_module.cpp.o] Error 1
[2.024s] gmake[2]: *** Waiting for unfinished jobs....
[6.250s] gmake[1]: *** [CMakeFiles/Makefile2:137: CMakeFiles/ldlidar_stl_ros2_node.dir/all] Error 2
[6.250s] gmake: *** [Makefile:146: all] Error 2
[6.251s] Invoked command in '/home/ros/ros2_ws/src/build/ldlidar_stl_ros2' returned '2': CMAKE_PREFIX_PATH=${CMAKE_PREFIX_PATH}:/opt/ros/jazzy /usr/bin/cmake --build /home/ros/ros2_ws/src/build/ldlidar_stl_ros2 -- -j16 -l16
