[0.019s] Invoking command in '/home/ros/ros2_ws/src/build/ldlidar_stl_ros2': CMAKE_PREFIX_PATH=${CMAKE_PREFIX_PATH}:/opt/ros/jazzy /usr/bin/cmake --build /home/ros/ros2_ws/src/build/ldlidar_stl_ros2 -- -j16 -l16
[0.178s] [ 12%] [32mBuilding CXX object CMakeFiles/ldlidar_stl_ros2_node.dir/ldlidar_driver/src/logger/log_module.cpp.o[0m
[0.465s] [01m[K/home/ros/ros2_ws/src/ldlidar_stl_ros2/ldlidar_driver/src/logger/log_module.cpp:[m[K In member function ‘[01m[Kvoid LogModule::[01;32m[KInitLock[m[K()[m[K’:
[0.465s] [01m[K/home/ros/ros2_ws/src/ldlidar_stl_ros2/ldlidar_driver/src/logger/log_module.cpp:172:3:[m[K [01;31m[Kerror: [m[K‘[01m[Kpthread_mutex_init[m[K’ was not declared in this scope; did you mean ‘[01m[Kpthread_mutex_t[m[K’?
[0.465s]   172 |   [01;31m[Kpthread_mutex_init[m[K(&mutex_lock_,NULL);
[0.466s]       |   [01;31m[K^~~~~~~~~~~~~~~~~~[m[K
[0.466s]       |   [32m[Kpthread_mutex_t[m[K
[0.468s] [01m[K/home/ros/ros2_ws/src/ldlidar_stl_ros2/ldlidar_driver/src/logger/log_module.cpp:[m[K In member function ‘[01m[Kvoid LogModule::[01;32m[KRealseLock[m[K()[m[K’:
[0.468s] [01m[K/home/ros/ros2_ws/src/ldlidar_stl_ros2/ldlidar_driver/src/logger/log_module.cpp:180:9:[m[K [01;31m[Kerror: [m[K‘[01m[Kpthread_mutex_unlock[m[K’ was not declared in this scope; did you mean ‘[01m[Kpthread_mutex_t[m[K’?
[0.468s]   180 |         [01;31m[Kpthread_mutex_unlock[m[K(&mutex_lock_);
[0.468s]       |         [01;31m[K^~~~~~~~~~~~~~~~~~~~[m[K
[0.468s]       |         [32m[Kpthread_mutex_t[m[K
[0.469s] [01m[K/home/ros/ros2_ws/src/ldlidar_stl_ros2/ldlidar_driver/src/logger/log_module.cpp:[m[K In member function ‘[01m[Kvoid LogModule::[01;32m[KLock[m[K()[m[K’:
[0.469s] [01m[K/home/ros/ros2_ws/src/ldlidar_stl_ros2/ldlidar_driver/src/logger/log_module.cpp:188:9:[m[K [01;31m[Kerror: [m[K‘[01m[Kpthread_mutex_lock[m[K’ was not declared in this scope; did you mean ‘[01m[Kpthread_mutex_t[m[K’?
[0.469s]   188 |         [01;31m[Kpthread_mutex_lock[m[K(&mutex_lock_);
[0.470s]       |         [01;31m[K^~~~~~~~~~~~~~~~~~[m[K
[0.470s]       |         [32m[Kpthread_mutex_t[m[K
[0.471s] [01m[K/home/ros/ros2_ws/src/ldlidar_stl_ros2/ldlidar_driver/src/logger/log_module.cpp:[m[K In member function ‘[01m[Kvoid LogModule::[01;32m[KUnLock[m[K()[m[K’:
[0.471s] [01m[K/home/ros/ros2_ws/src/ldlidar_stl_ros2/ldlidar_driver/src/logger/log_module.cpp:196:9:[m[K [01;31m[Kerror: [m[K‘[01m[Kpthread_mutex_unlock[m[K’ was not declared in this scope; did you mean ‘[01m[Kpthread_mutex_t[m[K’?
[0.472s]   196 |         [01;31m[Kpthread_mutex_unlock[m[K(&mutex_lock_);
[0.472s]       |         [01;31m[K^~~~~~~~~~~~~~~~~~~~[m[K
[0.472s]       |         [32m[Kpthread_mutex_t[m[K
[0.509s] gmake[2]: *** [CMakeFiles/ldlidar_stl_ros2_node.dir/build.make:132: CMakeFiles/ldlidar_stl_ros2_node.dir/ldlidar_driver/src/logger/log_module.cpp.o] Error 1
[0.509s] gmake[1]: *** [CMakeFiles/Makefile2:137: CMakeFiles/ldlidar_stl_ros2_node.dir/all] Error 2
[0.509s] gmake: *** [Makefile:146: all] Error 2
[0.511s] Invoked command in '/home/ros/ros2_ws/src/build/ldlidar_stl_ros2' returned '2': CMAKE_PREFIX_PATH=${CMAKE_PREFIX_PATH}:/opt/ros/jazzy /usr/bin/cmake --build /home/ros/ros2_ws/src/build/ldlidar_stl_ros2 -- -j16 -l16
